
ROM used: 602 (7%)
          602 (7%) including unused fragments

          0 Average locations per line
          2 Average locations per statement

RAM used: 9 (2%) at main() level
          29 (8%) worst case

Stack used: 5 worst case (out of 8 total available)

Lines Stmts  %   Files
----- ----- ---  -----
   35    17   5  ADC.c
  411     0   0  C:\Program Files (x86)\PICC\devices\16f887.h
  249    88  26  lcd.h
 2104   238  69  C:\Program Files (x86)\PICC\drivers\math.h
----- -----
 2799   343 Total

Page ROM  %  RAM   Vol Diff  Functions:
---- --- --- ---   --- ----  ----------
0     21   3   1             @delay_ms2
0      8   1   0             @const211
0     58  10   2   594  4.3  lcd_init
 Inline        3   620  3.8  lcd_read_byte
0     49   8   2   204  3.2  lcd_read_nibble
0     87  14   3   313  3.4  lcd_send_byte
0     43   7   1   336  1.9  lcd_send_nibble
0     35   6   4   335  5.5  lcd_gotoxy
0     37   6   1   272  4.1  lcd_putc
0    122  20   1   415  2.8  MAIN
0     17   3   0             @const222
0     20   3   0             @const223
0    101  17   9             @PRINTF_LU_209

Program metrics:
    Functions               8
    Statements              343
    Comments                481
    Volume (V)              4767
    Difficilty (D)          28.4
    Effort to implement (E) 135594
    Time to implement (T)   2 hours, 6 minutes
    Est Delivered Bugs (B)  1
    Cyclomatic Complexity   10
    Maintainability (MI)    50

 Segment     Used  Free
-----------  ----  ----
00000-00003     4  0  
00004-007FF   598  1446  
00800-00FFF     0  2048  
01000-017FF     0  2048  
01800-01FFF     0  2048  



