
ROM used: 60 (1%)
          60 (1%) including unused fragments

          0 Average locations per line
          8 Average locations per statement

RAM used: 6 (2%) at main() level
          7 (2%) worst case

Stack used: 1 worst case (out of 8 total available)

Lines Stmts  %   Files
----- ----- ---  -----
   18     8 100  led.c
  411     0   0  C:\Program Files (x86)\PICC\devices\16f887.h
----- -----
  429     8 Total

Page ROM  %  RAM   Vol Diff  Functions:
---- --- --- ---   --- ----  ----------
0     20  33   1             @delay_ms1
0     36  60   0   130  2.2  main

Program metrics:
    Functions               1
    Statements              8
    Comments                84
    Volume (V)              132
    Difficilty (D)          2.0
    Effort to implement (E) 268
    Time to implement (T)   0 minutes
    Est Delivered Bugs (B)  0
    Cyclomatic Complexity   1
    Maintainability (MI)    162

 Segment     Used  Free
-----------  ----  ----
00000-00003     4  0  
00004-007FF    56  1988  
00800-00FFF     0  2048  
01000-017FF     0  2048  
01800-01FFF     0  2048  



