
ROM used: 129 (2%)
          129 (2%) including unused fragments

          0 Average locations per line
          5 Average locations per statement

RAM used: 7 (2%) at main() level
          8 (2%) worst case

Stack used: 2 worst case (out of 8 total available)

Lines Stmts  %   Files
----- ----- ---  -----
   52    26 100  2button.c
  411     0   0  C:\Program Files (x86)\PICC\devices\16f887.h
----- -----
  463    26 Total

Page ROM  %  RAM   Vol Diff  Functions:
---- --- --- ---   --- ----  ----------
0     21  16   1             @delay_ms1
0     52  40   1   253  2.7  main
0     26  20   1   108  2.1  Button1
0     26  20   1   108  2.1  Button2

Program metrics:
    Functions               3
    Statements              26
    Comments                84
    Volume (V)              629
    Difficilty (D)          6.9
    Effort to implement (E) 4325
    Time to implement (T)   4 minutes
    Est Delivered Bugs (B)  0
    Cyclomatic Complexity   2
    Maintainability (MI)    155

 Segment     Used  Free
-----------  ----  ----
00000-00003     4  0  
00004-007FF   125  1919  
00800-00FFF     0  2048  
01000-017FF     0  2048  
01800-01FFF     0  2048  



