
ROM used: 81 (1%)
          81 (1%) including unused fragments

          0 Average locations per line
          6 Average locations per statement

RAM used: 7 (2%) at main() level
          8 (2%) worst case

Stack used: 1 worst case (out of 8 total available)

Lines Stmts  %   Files
----- ----- ---  -----
   49    14 100  button.c
  411     0   0  C:\Program Files (x86)\PICC\devices\16f887.h
  212     0   0  C:\Program Files (x86)\PICC\drivers\luutinh.h
----- -----
  672    14 Total

Page ROM  %  RAM   Vol Diff  Functions:
---- --- --- ---   --- ----  ----------
 Inline        1             @delay_ms1
0     44  54   1   145  2.6  main
0     33  41   1    88  2.0  Button1

Program metrics:
    Functions               2
    Statements              14
    Comments                158
    Volume (V)              289
    Difficilty (D)          4.5
    Effort to implement (E) 1294
    Time to implement (T)   1 minutes
    Est Delivered Bugs (B)  0
    Cyclomatic Complexity   1
    Maintainability (MI)    160

 Segment     Used  Free
-----------  ----  ----
00000-00003     4  0  
00004-007FF    77  1967  
00800-00FFF     0  2048  
01000-017FF     0  2048  
01800-01FFF     0  2048  



