
ROM used: 123 (2%)
          123 (2%) including unused fragments

          0 Average locations per line
          8 Average locations per statement

RAM used: 19 (5%) at main() level
          19 (5%) worst case

Stack used: 1 worst case (out of 8 total available)

Lines Stmts  %   Files
----- ----- ---  -----
   77    15 100  7seg.c
  411     0   0  C:\Program Files (x86)\PICC\devices\16f887.h
----- -----
  488    15 Total

Page ROM  %  RAM   Vol Diff  Functions:
---- --- --- ---   --- ----  ----------
0     20  16   1             @delay_ms1
0     99  80   3   442  4.9  main

Program metrics:
    Functions               1
    Statements              15
    Comments                176
    Volume (V)              444
    Difficilty (D)          4.7
    Effort to implement (E) 2102
    Time to implement (T)   2 minutes
    Est Delivered Bugs (B)  0
    Cyclomatic Complexity   2
    Maintainability (MI)    145

 Segment     Used  Free
-----------  ----  ----
00000-00003     4  0  
00004-007FF   119  1925  
00800-00FFF     0  2048  
01000-017FF     0  2048  
01800-01FFF     0  2048  



