
ROM used: 444 (5%)
          444 (5%) including unused fragments

          0 Average locations per line
          1 Average locations per statement

RAM used: 8 (2%) at main() level
          19 (5%) worst case

Stack used: 4 worst case (out of 8 total available)

Lines Stmts  %   Files
----- ----- ---  -----
   33    15   4  lcd.c
  411     0   0  C:\Program Files (x86)\PICC\devices\16F887.h
  249    88  26  lcd.h
 2104   238  70  C:\Program Files (x86)\PICC\drivers\math.h
----- -----
 2797   341 Total

Page ROM  %  RAM   Vol Diff  Functions:
---- --- --- ---   --- ----  ----------
0     21   5   1             @delay_ms2
0      8   2   0             @const211
0     58  13   2   594  4.3  lcd_init
 Inline        3   620  3.8  lcd_read_byte
0     49  11   2   204  3.2  lcd_read_nibble
0     87  20   3   313  3.4  lcd_send_byte
0     43  10   1   336  1.9  lcd_send_nibble
0     35   8   4   335  5.5  lcd_gotoxy
0     37   8   1   272  4.1  lcd_putc
0     79  18   1   361  4.1  MAIN
0     17   4   0             @const222
0      6   1   0             @const223

Program metrics:
    Functions               8
    Statements              341
    Comments                482
    Volume (V)              4684
    Difficilty (D)          29.9
    Effort to implement (E) 140114
    Time to implement (T)   2 hours, 10 minutes
    Est Delivered Bugs (B)  1
    Cyclomatic Complexity   11
    Maintainability (MI)    51

 Segment     Used  Free
-----------  ----  ----
00000-00003     4  0  
00004-007FF   440  1604  
00800-00FFF     0  2048  
01000-017FF     0  2048  
01800-01FFF     0  2048  



